#
# There is insufficient memory for the Java Runtime Environment to continue.
# Native memory allocation (mmap) failed to map 402653184 bytes for G1 virtual space
# Possible reasons:
#   The system is out of physical RAM or swap space
#   The process is running with CompressedOops enabled, and the Java Heap may be blocking the growth of the native heap
# Possible solutions:
#   Reduce memory load on the system
#   Increase physical memory or swap space
#   Check if swap backing store is full
#   Decrease Java heap size (-Xmx/-Xms)
#   Decrease number of Java threads
#   Decrease Java thread stack sizes (-Xss)
#   Set larger code cache with -XX:ReservedCodeCacheSize=
#   JVM is running with Zero Based Compressed Oops mode in which the Java heap is
#     placed in the first 32GB address space. The Java Heap base address is the
#     maximum limit for the native heap growth. Please use -XX:HeapBaseMinAddress
#     to set the Java Heap base and to place the Java Heap above 32GB virtual address.
# This output file may be truncated or incomplete.
#
#  Out of Memory Error (os_windows.cpp:3469), pid=1102516, tid=1103116
#
# JRE version:  (17.0.1+12) (build )
# Java VM: OpenJDK 64-Bit Server VM (17.0.1+12, mixed mode, sharing, tiered, compressed oops, compressed class ptrs, g1 gc, windows-amd64)
# No core dump will be written. Minidumps are not enabled by default on client versions of Windows
#

---------------  S U M M A R Y ------------

Command Line: -Dfile.encoding=Cp1252 -XX:+ShowCodeDetailsInExceptionMessages com.ersystem.revature.Main

Host: Intel(R) Core(TM) i5-7300HQ CPU @ 2.50GHz, 4 cores, 23G,  Windows 10 , 64 bit Build 19041 (10.0.19041.1466)
Time: Tue Feb  1 10:22:40 2022 Pacific Standard Time elapsed time: 0.137661 seconds (0d 0h 0m 0s)

---------------  T H R E A D  ---------------

Current thread (0x0000023fabe6b050):  JavaThread "Unknown thread" [_thread_in_vm, id=1103116, stack(0x000000434b200000,0x000000434b300000)]

Stack: [0x000000434b200000,0x000000434b300000]
Native frames: (J=compiled Java code, j=interpreted, Vv=VM code, C=native code)
V  [jvm.dll+0x6744da]
V  [jvm.dll+0x82e144]
V  [jvm.dll+0x82f8ee]
V  [jvm.dll+0x82ff53]
V  [jvm.dll+0x245175]
V  [jvm.dll+0x6714c9]
V  [jvm.dll+0x665f92]
V  [jvm.dll+0x303c3b]
V  [jvm.dll+0x30b176]
V  [jvm.dll+0x35af1e]
V  [jvm.dll+0x35b14f]
V  [jvm.dll+0x2dab78]
V  [jvm.dll+0x2dbae4]
V  [jvm.dll+0x7ffdf1]
V  [jvm.dll+0x368c91]
V  [jvm.dll+0x7df2cc]
V  [jvm.dll+0x3eb59f]
V  [jvm.dll+0x3ed121]
C  [jli.dll+0x5277]
C  [ucrtbase.dll+0x21bb2]
C  [KERNEL32.DLL+0x17034]
C  [ntdll.dll+0x52651]


---------------  P R O C E S S  ---------------

Threads class SMR info:
_java_thread_list=0x00007ffdaf844e58, length=0, elements={
}

Java Threads: ( => current thread )

Other Threads:
  0x0000023fabec9330 GCTaskThread "GC Thread#0" [stack: 0x000000434b300000,0x000000434b400000] [id=1094224]
  0x0000023fabed7920 ConcurrentGCThread "G1 Main Marker" [stack: 0x000000434b400000,0x000000434b500000] [id=1103204]
  0x0000023fabed9340 ConcurrentGCThread "G1 Conc#0" [stack: 0x000000434b500000,0x000000434b600000] [id=1103180]

[error occurred during error reporting (printing all threads), id 0xc0000005, EXCEPTION_ACCESS_VIOLATION (0xc0000005) at pc=0x00007ffdaf01b5f7]

VM state: not at safepoint (not fully initialized)

VM Mutex/Monitor currently owned by a thread:  ([mutex/lock_event])
[0x0000023fabe65630] Heap_lock - owner thread: 0x0000023fabe6b050

Heap address: 0x0000000682000000, size: 6112 MB, Compressed Oops mode: Zero based, Oop shift amount: 3

CDS archive(s) mapped at: [0x0000000000000000-0x0000000000000000-0x0000000000000000), size 0, SharedBaseAddress: 0x0000000800000000, ArchiveRelocationMode: 0.
Narrow klass base: 0x0000000000000000, Narrow klass shift: 0, Narrow klass range: 0x0

GC Precious Log:
<Empty>

Heap:
 garbage-first heap   total 0K, used 0K [0x0000000682000000, 0x0000000800000000)
  region size 4096K, 0 young (0K), 0 survivors (0K)

[error occurred during error reporting (printing heap information), id 0xc0000005, EXCEPTION_ACCESS_VIOLATION (0xc0000005) at pc=0x00007ffdaf3fd729]

GC Heap History (0 events):
No events

Deoptimization events (0 events):
No events

Classes unloaded (0 events):
No events

Classes redefined (0 events):
No events

Internal exceptions (0 events):
No events

VM Operations (0 events):
No events

Events (1 events):
Event: 0.010 Loaded shared library C:\Program Files (x86)\Eclipse\plugins\org.eclipse.justj.openjdk.hotspot.jre.full.win32.x86_64_17.0.1.v20211116-1657\jre\bin\java.dll


Dynamic libraries:
0x00007ff6032d0000 - 0x00007ff6032de000 	C:\Program Files (x86)\Eclipse\plugins\org.eclipse.justj.openjdk.hotspot.jre.full.win32.x86_64_17.0.1.v20211116-1657\jre\bin\javaw.exe
0x00007ffe19830000 - 0x00007ffe19a25000 	C:\WINDOWS\SYSTEM32\ntdll.dll
0x00007ffe19070000 - 0x00007ffe1912e000 	C:\WINDOWS\System32\KERNEL32.DLL
0x00007ffe173b0000 - 0x00007ffe17678000 	C:\WINDOWS\System32\KERNELBASE.dll
0x00007ffe17000000 - 0x00007ffe17100000 	C:\WINDOWS\System32\ucrtbase.dll
0x00007ffdf2850000 - 0x00007ffdf2868000 	C:\Program Files (x86)\Eclipse\plugins\org.eclipse.justj.openjdk.hotspot.jre.full.win32.x86_64_17.0.1.v20211116-1657\jre\bin\jli.dll
0x00007ffe17cf0000 - 0x00007ffe17e91000 	C:\WINDOWS\System32\USER32.dll
0x00007ffe17680000 - 0x00007ffe176a2000 	C:\WINDOWS\System32\win32u.dll
0x00007ffe17950000 - 0x00007ffe1797b000 	C:\WINDOWS\System32\GDI32.dll
0x00007ffe17760000 - 0x00007ffe1786d000 	C:\WINDOWS\System32\gdi32full.dll
0x00007ffe17260000 - 0x00007ffe172fd000 	C:\WINDOWS\System32\msvcp_win.dll
0x00007ffdebd30000 - 0x00007ffdebd49000 	C:\Program Files (x86)\Eclipse\plugins\org.eclipse.justj.openjdk.hotspot.jre.full.win32.x86_64_17.0.1.v20211116-1657\jre\bin\VCRUNTIME140.dll
0x00007ffe016e0000 - 0x00007ffe0197a000 	C:\WINDOWS\WinSxS\amd64_microsoft.windows.common-controls_6595b64144ccf1df_6.0.19041.1110_none_60b5254171f9507e\COMCTL32.dll
0x00007ffe18b70000 - 0x00007ffe18c0e000 	C:\WINDOWS\System32\msvcrt.dll
0x00007ffe18b30000 - 0x00007ffe18b60000 	C:\WINDOWS\System32\IMM32.DLL
0x00007ffe0b7a0000 - 0x00007ffe0b7ac000 	C:\Program Files (x86)\Eclipse\plugins\org.eclipse.justj.openjdk.hotspot.jre.full.win32.x86_64_17.0.1.v20211116-1657\jre\bin\vcruntime140_1.dll
0x00007ffdd3000000 - 0x00007ffdd3091000 	C:\Program Files (x86)\Eclipse\plugins\org.eclipse.justj.openjdk.hotspot.jre.full.win32.x86_64_17.0.1.v20211116-1657\jre\bin\msvcp140.dll
0x00007ffdaed30000 - 0x00007ffdaf976000 	C:\Program Files (x86)\Eclipse\plugins\org.eclipse.justj.openjdk.hotspot.jre.full.win32.x86_64_17.0.1.v20211116-1657\jre\bin\server\jvm.dll
0x00007ffe17c40000 - 0x00007ffe17cee000 	C:\WINDOWS\System32\ADVAPI32.dll
0x00007ffe19740000 - 0x00007ffe197dc000 	C:\WINDOWS\System32\sechost.dll
0x00007ffe17a90000 - 0x00007ffe17bb5000 	C:\WINDOWS\System32\RPCRT4.dll
0x00007ffe197e0000 - 0x00007ffe197e8000 	C:\WINDOWS\System32\PSAPI.DLL
0x00007ffe08900000 - 0x00007ffe08927000 	C:\WINDOWS\SYSTEM32\WINMM.dll
0x00007ffdf9c90000 - 0x00007ffdf9c99000 	C:\WINDOWS\SYSTEM32\WSOCK32.dll
0x00007ffe18f70000 - 0x00007ffe18fdb000 	C:\WINDOWS\System32\WS2_32.dll
0x00007ffe0b820000 - 0x00007ffe0b82a000 	C:\WINDOWS\SYSTEM32\VERSION.dll
0x00007ffe14e30000 - 0x00007ffe14e42000 	C:\WINDOWS\SYSTEM32\kernel.appcore.dll
0x00007ffe10830000 - 0x00007ffe1083a000 	C:\Program Files (x86)\Eclipse\plugins\org.eclipse.justj.openjdk.hotspot.jre.full.win32.x86_64_17.0.1.v20211116-1657\jre\bin\jimage.dll
0x00007ffe06850000 - 0x00007ffe06a34000 	C:\WINDOWS\SYSTEM32\DBGHELP.DLL
0x00007ffdfd040000 - 0x00007ffdfd06c000 	C:\WINDOWS\SYSTEM32\dbgcore.DLL
0x00007ffe16f70000 - 0x00007ffe16ff2000 	C:\WINDOWS\System32\bcryptPrimitives.dll
0x00007ffdfb190000 - 0x00007ffdfb1b5000 	C:\Program Files (x86)\Eclipse\plugins\org.eclipse.justj.openjdk.hotspot.jre.full.win32.x86_64_17.0.1.v20211116-1657\jre\bin\java.dll

dbghelp: loaded successfully - version: 4.0.5 - missing functions: none
symbol engine: initialized successfully - sym options: 0x614 - pdb path: .;C:\Program Files (x86)\Eclipse\plugins\org.eclipse.justj.openjdk.hotspot.jre.full.win32.x86_64_17.0.1.v20211116-1657\jre\bin;C:\WINDOWS\SYSTEM32;C:\WINDOWS\WinSxS\amd64_microsoft.windows.common-controls_6595b64144ccf1df_6.0.19041.1110_none_60b5254171f9507e;C:\Program Files (x86)\Eclipse\plugins\org.eclipse.justj.openjdk.hotspot.jre.full.win32.x86_64_17.0.1.v20211116-1657\jre\bin\server

VM Arguments:
jvm_args: -Dfile.encoding=Cp1252 -XX:+ShowCodeDetailsInExceptionMessages 
java_command: com.ersystem.revature.Main
java_class_path (initial): C:\Users\Admin\git\Kareem-Henry-Code\Project0\bin
Launcher Type: SUN_STANDARD

[Global flags]
     intx CICompilerCount                          = 3                                         {product} {ergonomic}
     uint ConcGCThreads                            = 1                                         {product} {ergonomic}
     uint G1ConcRefinementThreads                  = 4                                         {product} {ergonomic}
   size_t G1HeapRegionSize                         = 4194304                                   {product} {ergonomic}
    uintx GCDrainStackTargetSize                   = 64                                        {product} {ergonomic}
   size_t InitialHeapSize                          = 402653184                                 {product} {ergonomic}
   size_t MarkStackSize                            = 4194304                                   {product} {ergonomic}
   size_t MaxHeapSize                              = 6408896512                                {product} {ergonomic}
   size_t MinHeapDeltaBytes                        = 4194304                                   {product} {ergonomic}
   size_t MinHeapSize                              = 8388608                                   {product} {ergonomic}
    uintx NonNMethodCodeHeapSize                   = 5832780                                {pd product} {ergonomic}
    uintx NonProfiledCodeHeapSize                  = 122912730                              {pd product} {ergonomic}
    uintx ProfiledCodeHeapSize                     = 122912730                              {pd product} {ergonomic}
    uintx ReservedCodeCacheSize                    = 251658240                              {pd product} {ergonomic}
     bool SegmentedCodeCache                       = true                                      {product} {ergonomic}
     bool ShowCodeDetailsInExceptionMessages       = true                                   {manageable} {command line}
   size_t SoftMaxHeapSize                          = 6408896512                             {manageable} {ergonomic}
     bool UseCompressedClassPointers               = true                           {product lp64_product} {ergonomic}
     bool UseCompressedOops                        = true                           {product lp64_product} {ergonomic}
     bool UseG1GC                                  = true                                      {product} {ergonomic}
     bool UseLargePagesIndividualAllocation        = false                                  {pd product} {ergonomic}

Logging:
Log output configuration:
 #0: stdout all=warning uptime,level,tags
 #1: stderr all=off uptime,level,tags

Environment Variables:
JAVA_HOME=C:\Program Files\Java\jdk1.8.0_321
PATH=C:/Program Files (x86)/Eclipse//plugins/org.eclipse.justj.openjdk.hotspot.jre.full.win32.x86_64_17.0.1.v20211116-1657/jre/bin/server;C:/Program Files (x86)/Eclipse//plugins/org.eclipse.justj.openjdk.hotspot.jre.full.win32.x86_64_17.0.1.v20211116-1657/jre/bin;C:\Program Files (x86)\Common Files\Oracle\Java\javapath;C:\Windows\system32;C:\Windows;C:\Windows\System32\Wbem;C:\Windows\System32\WindowsPowerShell\v1.0\;C:\Program Files (x86)\NVIDIA Corporation\PhysX\Common;C:\WINDOWS\system32;C:\WINDOWS;C:\WINDOWS\System32\Wbem;C:\WINDOWS\System32\WindowsPowerShell\v1.0\;C:\Program Files\nodejs\;C:\xampp\php;C:\ProgramData\ComposerSetup\bin;C:\WINDOWS\System32\OpenSSH\;C:\Program Files\NVIDIA Corporation\NVIDIA NvDLISR;C:\Program Files (x86)\Brackets\command;C:\HashiCorp\Vagrant\bin;C:\WINDOWS\system32;C:\WINDOWS;C:\WINDOWS\System32\Wbem;C:\WINDOWS\System32\WindowsPowerShell\v1.0\;C:\WINDOWS\System32\OpenSSH\;C:\Program Files\Microsoft SQL Server\130\Tools\Binn\;C:\Program Files (x86)\Microsoft SQL Server\150\DTS\Binn\;C:\Program Files\Git\cmd;C:\Program Files\Java\jdk1.8.0_321\bin;;C:\Program Files (x86)\Eclipse;
USERNAME=Kniteowler
OS=Windows_NT
PROCESSOR_IDENTIFIER=Intel64 Family 6 Model 158 Stepping 9, GenuineIntel



---------------  S Y S T E M  ---------------

OS:
 Windows 10 , 64 bit Build 19041 (10.0.19041.1466)
OS uptime: 3 days 6:09 hours

CPU: total 4 (initial active 4) (4 cores per cpu, 1 threads per core) family 6 model 158 stepping 9 microcode 0xb4, cx8, cmov, fxsr, mmx, 3dnowpref, sse, sse2, sse3, ssse3, sse4.1, sse4.2, popcnt, lzcnt, tsc, tscinvbit, avx, avx2, aes, erms, clmul, bmi1, bmi2, adx, fma, vzeroupper, clflush, clflushopt

Memory: 4k page, system-wide physical 24444M (8221M free)
TotalPageFile size 98089M (AvailPageFile size 216M)
current process WorkingSet (physical memory assigned to process): 10M, peak: 10M
current process commit charge ("private bytes"): 51M, peak: 435M

vm_info: OpenJDK 64-Bit Server VM (17.0.1+12) for windows-amd64 JRE (17.0.1+12), built on Oct 20 2021 07:42:55 by "" with MS VC++ 16.7 (VS2019)

END.
